<?xml version="1.0" encoding="UTF-8"?>
<testng-results skipped="0" failed="1" ignored="0" total="4" passed="3">
  <reporter-output>
  </reporter-output>
  <suite name="Suite" duration-ms="44107" started-at="2020-11-11T05:55:05Z" finished-at="2020-11-11T05:55:49Z">
    <groups>
    </groups>
    <test name="Acdemy test" duration-ms="5" started-at="2020-11-11T05:55:05Z" finished-at="2020-11-11T05:55:05Z">
    </test> <!-- Acdemy test -->
    <test name="ValidateNavigation Bar" duration-ms="9067" started-at="2020-11-11T05:55:05Z" finished-at="2020-11-11T05:55:14Z">
      <class name="Academy.ValidateNavigationBar">
        <test-method status="PASS" signature="initializebrowser()[pri:0, instance:Academy.ValidateNavigationBar@1190200a]" name="initializebrowser" is-config="true" duration-ms="8200" started-at="2020-11-11T05:55:05Z" finished-at="2020-11-11T05:55:13Z">
          <reporter-output>
          </reporter-output>
        </test-method> <!-- initializebrowser -->
        <test-method status="PASS" signature="BasePageNavigation()[pri:0, instance:Academy.ValidateNavigationBar@1190200a]" name="BasePageNavigation" duration-ms="839" started-at="2020-11-11T05:55:13Z" finished-at="2020-11-11T05:55:14Z">
          <reporter-output>
          </reporter-output>
        </test-method> <!-- BasePageNavigation -->
        <test-method status="FAIL" signature="teardown()[pri:0, instance:Academy.ValidateNavigationBar@1190200a]" name="teardown" is-config="true" duration-ms="7" started-at="2020-11-11T05:55:14Z" finished-at="2020-11-11T05:55:14Z">
          <exception class="org.openqa.selenium.NoSuchSessionException">
            <message>
              <![CDATA[Session ID is null. Using WebDriver after calling quit()?
Build info: version: '3.141.59', revision: 'e82be7d358', time: '2018-11-14T08:17:03'
System info: host: 'DESKTOP-SQI1G9P', ip: '192.168.43.236', os.name: 'Windows 10', os.arch: 'amd64', os.version: '10.0', java.version: '1.8.0_271'
Driver info: driver.version: RemoteWebDriver]]>
            </message>
            <full-stacktrace>
              <![CDATA[org.openqa.selenium.NoSuchSessionException: Session ID is null. Using WebDriver after calling quit()?
Build info: version: '3.141.59', revision: 'e82be7d358', time: '2018-11-14T08:17:03'
System info: host: 'DESKTOP-SQI1G9P', ip: '192.168.43.236', os.name: 'Windows 10', os.arch: 'amd64', os.version: '10.0', java.version: '1.8.0_271'
Driver info: driver.version: RemoteWebDriver
at org.openqa.selenium.remote.HttpCommandExecutor.execute(HttpCommandExecutor.java:125)
at org.openqa.selenium.remote.service.DriverCommandExecutor.execute(DriverCommandExecutor.java:83)
at org.openqa.selenium.remote.RemoteWebDriver.execute(RemoteWebDriver.java:552)
at org.openqa.selenium.remote.RemoteWebDriver.execute(RemoteWebDriver.java:609)
at org.openqa.selenium.remote.RemoteWebDriver.close(RemoteWebDriver.java:442)
at Academy.ValidateNavigationBar.teardown(ValidateNavigationBar.java:69)
at sun.reflect.NativeMethodAccessorImpl.invoke0(Native Method)
at sun.reflect.NativeMethodAccessorImpl.invoke(NativeMethodAccessorImpl.java:62)
at sun.reflect.DelegatingMethodAccessorImpl.invoke(DelegatingMethodAccessorImpl.java:43)
at java.lang.reflect.Method.invoke(Method.java:498)
at org.testng.internal.MethodInvocationHelper.invokeMethod(MethodInvocationHelper.java:124)
at org.testng.internal.MethodInvocationHelper.invokeMethodConsideringTimeout(MethodInvocationHelper.java:59)
at org.testng.internal.Invoker.invokeConfigurationMethod(Invoker.java:455)
at org.testng.internal.Invoker.invokeConfigurations(Invoker.java:222)
at org.testng.internal.Invoker.invokeConfigurations(Invoker.java:142)
at org.testng.TestRunner.afterRun(TestRunner.java:725)
at org.testng.TestRunner.run(TestRunner.java:509)
at org.testng.SuiteRunner.runTest(SuiteRunner.java:455)
at org.testng.SuiteRunner.access$000(SuiteRunner.java:40)
at org.testng.SuiteRunner$SuiteWorker.run(SuiteRunner.java:489)
at org.testng.internal.thread.ThreadUtil$1.call(ThreadUtil.java:52)
at java.util.concurrent.FutureTask.run(FutureTask.java:266)
at java.util.concurrent.ThreadPoolExecutor.runWorker(ThreadPoolExecutor.java:1149)
at java.util.concurrent.ThreadPoolExecutor$Worker.run(ThreadPoolExecutor.java:624)
at java.lang.Thread.run(Thread.java:748)
]]>
            </full-stacktrace>
          </exception> <!-- org.openqa.selenium.NoSuchSessionException -->
          <reporter-output>
          </reporter-output>
        </test-method> <!-- teardown -->
      </class> <!-- Academy.ValidateNavigationBar -->
    </test> <!-- ValidateNavigation Bar -->
    <test name="Test validation" duration-ms="13184" started-at="2020-11-11T05:55:05Z" finished-at="2020-11-11T05:55:18Z">
      <class name="Academy.ValidationTest">
        <test-method status="PASS" signature="initializebrowser()[pri:0, instance:Academy.ValidationTest@77f1baf5]" name="initializebrowser" is-config="true" duration-ms="8003" started-at="2020-11-11T05:55:05Z" finished-at="2020-11-11T05:55:13Z">
          <reporter-output>
          </reporter-output>
        </test-method> <!-- initializebrowser -->
        <test-method status="FAIL" signature="BasePageNavigation()[pri:0, instance:Academy.ValidationTest@77f1baf5]" name="BasePageNavigation" duration-ms="57" started-at="2020-11-11T05:55:13Z" finished-at="2020-11-11T05:55:13Z">
          <exception class="java.lang.AssertionError">
            <message>
              <![CDATA[expected [FEATURED ddgCOURSES] but found [FEATURED COURSES]]]>
            </message>
            <full-stacktrace>
              <![CDATA[java.lang.AssertionError: expected [FEATURED ddgCOURSES] but found [FEATURED COURSES]
at org.testng.Assert.fail(Assert.java:96)
at org.testng.Assert.failNotEquals(Assert.java:776)
at org.testng.Assert.assertEqualsImpl(Assert.java:137)
at org.testng.Assert.assertEquals(Assert.java:118)
at org.testng.Assert.assertEquals(Assert.java:453)
at org.testng.Assert.assertEquals(Assert.java:463)
at Academy.ValidationTest.BasePageNavigation(ValidationTest.java:46)
at sun.reflect.NativeMethodAccessorImpl.invoke0(Native Method)
at sun.reflect.NativeMethodAccessorImpl.invoke(NativeMethodAccessorImpl.java:62)
at sun.reflect.DelegatingMethodAccessorImpl.invoke(DelegatingMethodAccessorImpl.java:43)
at java.lang.reflect.Method.invoke(Method.java:498)
at org.testng.internal.MethodInvocationHelper.invokeMethod(MethodInvocationHelper.java:124)
at org.testng.internal.Invoker.invokeMethod(Invoker.java:580)
at org.testng.internal.Invoker.invokeTestMethod(Invoker.java:716)
at org.testng.internal.Invoker.invokeTestMethods(Invoker.java:988)
at org.testng.internal.TestMethodWorker.invokeTestMethods(TestMethodWorker.java:125)
at org.testng.internal.TestMethodWorker.run(TestMethodWorker.java:109)
at org.testng.TestRunner.privateRun(TestRunner.java:648)
at org.testng.TestRunner.run(TestRunner.java:505)
at org.testng.SuiteRunner.runTest(SuiteRunner.java:455)
at org.testng.SuiteRunner.access$000(SuiteRunner.java:40)
at org.testng.SuiteRunner$SuiteWorker.run(SuiteRunner.java:489)
at org.testng.internal.thread.ThreadUtil$1.call(ThreadUtil.java:52)
at java.util.concurrent.FutureTask.run(FutureTask.java:266)
at java.util.concurrent.ThreadPoolExecutor.runWorker(ThreadPoolExecutor.java:1149)
at java.util.concurrent.ThreadPoolExecutor$Worker.run(ThreadPoolExecutor.java:624)
at java.lang.Thread.run(Thread.java:748)
]]>
            </full-stacktrace>
          </exception> <!-- java.lang.AssertionError -->
          <reporter-output>
          </reporter-output>
        </test-method> <!-- BasePageNavigation -->
        <test-method status="PASS" signature="teardown()[pri:0, instance:Academy.ValidationTest@77f1baf5]" name="teardown" is-config="true" duration-ms="4212" started-at="2020-11-11T05:55:14Z" finished-at="2020-11-11T05:55:18Z">
          <reporter-output>
          </reporter-output>
        </test-method> <!-- teardown -->
      </class> <!-- Academy.ValidationTest -->
    </test> <!-- Test validation -->
    <test name="Home page validation" duration-ms="44107" started-at="2020-11-11T05:55:05Z" finished-at="2020-11-11T05:55:49Z">
      <class name="Academy.HomePage">
        <test-method status="PASS" signature="initializebrowser()[pri:0, instance:Academy.HomePage@71e9ddb4]" name="initializebrowser" is-config="true" duration-ms="7894" started-at="2020-11-11T05:55:05Z" finished-at="2020-11-11T05:55:13Z">
          <reporter-output>
          </reporter-output>
        </test-method> <!-- initializebrowser -->
        <test-method status="PASS" signature="BasePageNavigation(java.lang.String, java.lang.String)[pri:0, instance:Academy.HomePage@71e9ddb4]" name="BasePageNavigation" duration-ms="16007" started-at="2020-11-11T05:55:13Z" data-provider="getData" finished-at="2020-11-11T05:55:29Z">
          <params>
            <param index="0">
              <value>
                <![CDATA[nonrestriceteduser@qv.com]]>
              </value>
            </param>
            <param index="1">
              <value>
                <![CDATA[123456]]>
              </value>
            </param>
          </params>
          <reporter-output>
          </reporter-output>
        </test-method> <!-- BasePageNavigation -->
        <test-method status="PASS" signature="initializebrowser()[pri:0, instance:Academy.HomePage@71e9ddb4]" name="initializebrowser" is-config="true" duration-ms="5847" started-at="2020-11-11T05:55:29Z" finished-at="2020-11-11T05:55:35Z">
          <reporter-output>
          </reporter-output>
        </test-method> <!-- initializebrowser -->
        <test-method status="PASS" signature="BasePageNavigation(java.lang.String, java.lang.String)[pri:0, instance:Academy.HomePage@71e9ddb4]" name="BasePageNavigation" duration-ms="14328" started-at="2020-11-11T05:55:35Z" data-provider="getData" finished-at="2020-11-11T05:55:49Z">
          <params>
            <param index="0">
              <value>
                <![CDATA[restriceteduser@qv.com]]>
              </value>
            </param>
            <param index="1">
              <value>
                <![CDATA[123456]]>
              </value>
            </param>
          </params>
          <reporter-output>
          </reporter-output>
        </test-method> <!-- BasePageNavigation -->
        <test-method status="FAIL" signature="teardown()[pri:0, instance:Academy.HomePage@71e9ddb4]" name="teardown" is-config="true" duration-ms="1" started-at="2020-11-11T05:55:49Z" finished-at="2020-11-11T05:55:49Z">
          <exception class="org.openqa.selenium.NoSuchSessionException">
            <message>
              <![CDATA[Session ID is null. Using WebDriver after calling quit()?
Build info: version: '3.141.59', revision: 'e82be7d358', time: '2018-11-14T08:17:03'
System info: host: 'DESKTOP-SQI1G9P', ip: '192.168.43.236', os.name: 'Windows 10', os.arch: 'amd64', os.version: '10.0', java.version: '1.8.0_271'
Driver info: driver.version: RemoteWebDriver]]>
            </message>
            <full-stacktrace>
              <![CDATA[org.openqa.selenium.NoSuchSessionException: Session ID is null. Using WebDriver after calling quit()?
Build info: version: '3.141.59', revision: 'e82be7d358', time: '2018-11-14T08:17:03'
System info: host: 'DESKTOP-SQI1G9P', ip: '192.168.43.236', os.name: 'Windows 10', os.arch: 'amd64', os.version: '10.0', java.version: '1.8.0_271'
Driver info: driver.version: RemoteWebDriver
at org.openqa.selenium.remote.HttpCommandExecutor.execute(HttpCommandExecutor.java:125)
at org.openqa.selenium.remote.service.DriverCommandExecutor.execute(DriverCommandExecutor.java:83)
at org.openqa.selenium.remote.RemoteWebDriver.execute(RemoteWebDriver.java:552)
at org.openqa.selenium.remote.RemoteWebDriver.execute(RemoteWebDriver.java:609)
at org.openqa.selenium.remote.RemoteWebDriver.close(RemoteWebDriver.java:442)
at Academy.HomePage.teardown(HomePage.java:63)
at sun.reflect.NativeMethodAccessorImpl.invoke0(Native Method)
at sun.reflect.NativeMethodAccessorImpl.invoke(NativeMethodAccessorImpl.java:62)
at sun.reflect.DelegatingMethodAccessorImpl.invoke(DelegatingMethodAccessorImpl.java:43)
at java.lang.reflect.Method.invoke(Method.java:498)
at org.testng.internal.MethodInvocationHelper.invokeMethod(MethodInvocationHelper.java:124)
at org.testng.internal.MethodInvocationHelper.invokeMethodConsideringTimeout(MethodInvocationHelper.java:59)
at org.testng.internal.Invoker.invokeConfigurationMethod(Invoker.java:455)
at org.testng.internal.Invoker.invokeConfigurations(Invoker.java:222)
at org.testng.internal.Invoker.invokeConfigurations(Invoker.java:142)
at org.testng.TestRunner.afterRun(TestRunner.java:725)
at org.testng.TestRunner.run(TestRunner.java:509)
at org.testng.SuiteRunner.runTest(SuiteRunner.java:455)
at org.testng.SuiteRunner.access$000(SuiteRunner.java:40)
at org.testng.SuiteRunner$SuiteWorker.run(SuiteRunner.java:489)
at org.testng.internal.thread.ThreadUtil$1.call(ThreadUtil.java:52)
at java.util.concurrent.FutureTask.run(FutureTask.java:266)
at java.util.concurrent.ThreadPoolExecutor.runWorker(ThreadPoolExecutor.java:1149)
at java.util.concurrent.ThreadPoolExecutor$Worker.run(ThreadPoolExecutor.java:624)
at java.lang.Thread.run(Thread.java:748)
]]>
            </full-stacktrace>
          </exception> <!-- org.openqa.selenium.NoSuchSessionException -->
          <reporter-output>
          </reporter-output>
        </test-method> <!-- teardown -->
      </class> <!-- Academy.HomePage -->
    </test> <!-- Home page validation -->
  </suite> <!-- Suite -->
</testng-results>
